# JRE version: Java(TM) SE Runtime Environment (21.0.9+7) (build 21.0.9+7-LTS-338)
# Java VM: Java HotSpot(TM) 64-Bit Server VM (21.0.9+7-LTS-338, mixed mode, sharing, tiered, compressed oops, compressed class ptrs, g1 gc, windows-amd64)
GC Precious Log:
 CardTable entry size: 512
 Card Set container configuration: InlinePtr #cards 5 size 8 Array Of Cards #cards 12 size 40 Howl #buckets 4 coarsen threshold 1843 Howl Bitmap #cards 512 size 80 coarsen threshold 460 Card regions per heap region 1 cards per card region 2048
 CPUs: 12 total, 12 available
 Memory: 7876M
 Large Page Support: Disabled
 NUMA Support: Disabled
 Compressed Oops: Enabled (32-bit)
 Heap Region Size: 1M
 Heap Min Capacity: 8M
 Heap Initial Capacity: 124M
 Heap Max Capacity: 2G
 Pre-touch: Disabled
 Parallel Workers: 10
 Concurrent Workers: 3
 Concurrent Refinement Workers: 10
 Periodic GC: Disabled
Heap:
 garbage-first heap   total 342016K, used 279078K [0x0000000080000000, 0x0000000100000000)
  region size 1024K, 78 young (79872K), 5 survivors (5120K)
 Metaspace       used 170497K, committed 173376K, reserved 1245184K
  class space    used 22136K, committed 23552K, reserved 1048576K
GC Heap History (20 events):
Event: 30.569 GC heap before
{Heap before GC invocations=44 (full 0):
 garbage-first heap   total 214016K, used 176412K [0x0000000080000000, 0x0000000100000000)
  region size 1024K, 63 young (64512K), 3 survivors (3072K)
 Metaspace       used 117479K, committed 120128K, reserved 1179648K
  class space    used 16446K, committed 17728K, reserved 1048576K
}
Event: 30.574 GC heap after
{Heap after GC invocations=45 (full 0):
 garbage-first heap   total 214016K, used 115638K [0x0000000080000000, 0x0000000100000000)
  region size 1024K, 4 young (4096K), 4 survivors (4096K)
 Metaspace       used 117479K, committed 120128K, reserved 1179648K
  class space    used 16446K, committed 17728K, reserved 1048576K
}
Event: 31.664 GC heap before
{Heap before GC invocations=45 (full 0):
 garbage-first heap   total 214016K, used 197558K [0x0000000080000000, 0x0000000100000000)
  region size 1024K, 84 young (86016K), 4 survivors (4096K)
 Metaspace       used 121554K, committed 124288K, reserved 1179648K
  class space    used 16941K, committed 18240K, reserved 1048576K
}
Event: 31.684 GC heap after
{Heap after GC invocations=46 (full 0):
 garbage-first heap   total 227328K, used 135562K [0x0000000080000000, 0x0000000100000000)
  region size 1024K, 11 young (11264K), 11 survivors (11264K)
 Metaspace       used 121554K, committed 124288K, reserved 1179648K
  class space    used 16941K, committed 18240K, reserved 1048576K
}
Event: 31.755 GC heap before
{Heap before GC invocations=46 (full 0):
 garbage-first heap   total 227328K, used 163210K [0x0000000080000000, 0x0000000100000000)
  region size 1024K, 39 young (39936K), 11 survivors (11264K)
 Metaspace       used 121554K, committed 124288K, reserved 1179648K
  class space    used 16941K, committed 18240K, reserved 1048576K
}
Event: 31.776 GC heap after
{Heap after GC invocations=47 (full 0):
 garbage-first heap   total 227328K, used 149992K [0x0000000080000000, 0x0000000100000000)
  region size 1024K, 9 young (9216K), 9 survivors (9216K)
 Metaspace       used 121554K, committed 124288K, reserved 1179648K
  class space    used 16941K, committed 18240K, reserved 1048576K
}
Event: 32.985 GC heap before
{Heap before GC invocations=48 (full 0):
 garbage-first heap   total 270336K, used 194024K [0x0000000080000000, 0x0000000100000000)
  region size 1024K, 51 young (52224K), 9 survivors (9216K)
 Metaspace       used 125619K, committed 128384K, reserved 1179648K
  class space    used 17356K, committed 18752K, reserved 1048576K
}
Event: 32.998 GC heap after
{Heap after GC invocations=49 (full 0):
 garbage-first heap   total 270336K, used 157592K [0x0000000080000000, 0x0000000100000000)
  region size 1024K, 6 young (6144K), 6 survivors (6144K)
 Metaspace       used 125619K, committed 128384K, reserved 1179648K
  class space    used 17356K, committed 18752K, reserved 1048576K
}
Event: 34.600 GC heap before
{Heap before GC invocations=49 (full 0):
 garbage-first heap   total 270336K, used 225176K [0x0000000080000000, 0x0000000100000000)
  region size 1024K, 73 young (74752K), 6 survivors (6144K)
 Metaspace       used 133130K, committed 135872K, reserved 1179648K
  class space    used 18106K, committed 19456K, reserved 1048576K
}
Event: 34.612 GC heap after
{Heap after GC invocations=50 (full 0):
 garbage-first heap   total 270336K, used 160954K [0x0000000080000000, 0x0000000100000000)
  region size 1024K, 10 young (10240K), 10 survivors (10240K)
 Metaspace       used 133130K, committed 135872K, reserved 1179648K
  class space    used 18106K, committed 19456K, reserved 1048576K
}
Event: 36.029 GC heap before
{Heap before GC invocations=50 (full 0):
 garbage-first heap   total 270336K, used 231610K [0x0000000080000000, 0x0000000100000000)
  region size 1024K, 79 young (80896K), 10 survivors (10240K)
 Metaspace       used 139171K, committed 141952K, reserved 1179648K
  class space    used 18740K, committed 20096K, reserved 1048576K
}
Event: 36.040 GC heap after
{Heap after GC invocations=51 (full 0):
 garbage-first heap   total 270336K, used 167386K [0x0000000080000000, 0x0000000100000000)
  region size 1024K, 10 young (10240K), 10 survivors (10240K)
 Metaspace       used 139171K, committed 141952K, reserved 1179648K
  class space    used 18740K, committed 20096K, reserved 1048576K
}
Event: 37.343 GC heap before
{Heap before GC invocations=52 (full 0):
 garbage-first heap   total 290816K, used 237018K [0x0000000080000000, 0x0000000100000000)
  region size 1024K, 77 young (78848K), 10 survivors (10240K)
 Metaspace       used 144120K, committed 146880K, reserved 1179648K
  class space    used 19373K, committed 20736K, reserved 1048576K
}
Event: 37.363 GC heap after
{Heap after GC invocations=53 (full 0):
 garbage-first heap   total 290816K, used 181090K [0x0000000080000000, 0x0000000100000000)
  region size 1024K, 10 young (10240K), 10 survivors (10240K)
 Metaspace       used 144120K, committed 146880K, reserved 1179648K
  class space    used 19373K, committed 20736K, reserved 1048576K
}
Event: 39.917 GC heap before
{Heap before GC invocations=53 (full 0):
 garbage-first heap   total 290816K, used 253794K [0x0000000080000000, 0x0000000100000000)
  region size 1024K, 81 young (82944K), 10 survivors (10240K)
 Metaspace       used 147924K, committed 150656K, reserved 1179648K
  class space    used 19701K, committed 21056K, reserved 1048576K
}
Event: 39.936 GC heap after
{Heap after GC invocations=54 (full 0):
 garbage-first heap   total 290816K, used 193121K [0x0000000080000000, 0x0000000100000000)
  region size 1024K, 11 young (11264K), 11 survivors (11264K)
 Metaspace       used 147924K, committed 150656K, reserved 1179648K
  class space    used 19701K, committed 21056K, reserved 1048576K
}
Event: 41.620 GC heap before
{Heap before GC invocations=54 (full 0):
 garbage-first heap   total 290816K, used 257633K [0x0000000080000000, 0x0000000100000000)
  region size 1024K, 74 young (75776K), 11 survivors (11264K)
 Metaspace       used 155618K, committed 158400K, reserved 1245184K
  class space    used 20395K, committed 21760K, reserved 1048576K
}
Event: 41.637 GC heap after
{Heap after GC invocations=55 (full 0):
 garbage-first heap   total 290816K, used 200292K [0x0000000080000000, 0x0000000100000000)
  region size 1024K, 6 young (6144K), 6 survivors (6144K)
 Metaspace       used 155618K, committed 158400K, reserved 1245184K
  class space    used 20395K, committed 21760K, reserved 1048576K
}
Event: 43.611 GC heap before
{Heap before GC invocations=56 (full 0):
 garbage-first heap   total 342016K, used 262756K [0x0000000080000000, 0x0000000100000000)
  region size 1024K, 67 young (68608K), 6 survivors (6144K)
 Metaspace       used 162789K, committed 165568K, reserved 1245184K
  class space    used 21253K, committed 22656K, reserved 1048576K
}
Event: 43.620 GC heap after
{Heap after GC invocations=57 (full 0):
 garbage-first heap   total 342016K, used 205350K [0x0000000080000000, 0x0000000100000000)
  region size 1024K, 5 young (5120K), 5 survivors (5120K)
 Metaspace       used 162789K, committed 165568K, reserved 1245184K
  class space    used 21253K, committed 22656K, reserved 1048576K
}

