# JRE version: Java(TM) SE Runtime Environment (21.0.9+7) (build 21.0.9+7-LTS-338)
# Java VM: Java HotSpot(TM) 64-Bit Server VM (21.0.9+7-LTS-338, mixed mode, sharing, tiered, compressed oops, compressed class ptrs, g1 gc, windows-amd64)
GC Precious Log:
 CardTable entry size: 512
 Card Set container configuration: InlinePtr #cards 5 size 8 Array Of Cards #cards 12 size 40 Howl #buckets 4 coarsen threshold 1843 Howl Bitmap #cards 512 size 80 coarsen threshold 460 Card regions per heap region 1 cards per card region 2048
 CPUs: 12 total, 12 available
 Memory: 7876M
 Large Page Support: Disabled
 NUMA Support: Disabled
 Compressed Oops: Enabled (32-bit)
 Heap Region Size: 1M
 Heap Min Capacity: 8M
 Heap Initial Capacity: 124M
 Heap Max Capacity: 2G
 Pre-touch: Disabled
 Parallel Workers: 10
 Concurrent Workers: 3
 Concurrent Refinement Workers: 10
 Periodic GC: Disabled
Heap:
 garbage-first heap   total 293888K, used 216514K [0x0000000080000000, 0x0000000100000000)
  region size 1024K, 49 young (50176K), 5 survivors (5120K)
 Metaspace       used 140670K, committed 143104K, reserved 1179648K
  class space    used 18327K, committed 19520K, reserved 1048576K
GC Heap History (20 events):
Event: 20.884 GC heap before
{Heap before GC invocations=30 (full 0):
 garbage-first heap   total 162816K, used 147372K [0x0000000080000000, 0x0000000100000000)
  region size 1024K, 61 young (62464K), 5 survivors (5120K)
 Metaspace       used 97966K, committed 100352K, reserved 1179648K
  class space    used 13722K, committed 14912K, reserved 1048576K
}
Event: 20.890 GC heap after
{Heap after GC invocations=31 (full 0):
 garbage-first heap   total 162816K, used 91510K [0x0000000080000000, 0x0000000100000000)
  region size 1024K, 6 young (6144K), 6 survivors (6144K)
 Metaspace       used 97966K, committed 100352K, reserved 1179648K
  class space    used 13722K, committed 14912K, reserved 1048576K
}
Event: 21.117 GC heap before
{Heap before GC invocations=32 (full 0):
 garbage-first heap   total 173056K, used 146806K [0x0000000080000000, 0x0000000100000000)
  region size 1024K, 60 young (61440K), 6 survivors (6144K)
 Metaspace       used 97978K, committed 100352K, reserved 1179648K
  class space    used 13725K, committed 14912K, reserved 1048576K
}
Event: 21.142 GC heap after
{Heap after GC invocations=33 (full 0):
 garbage-first heap   total 177152K, used 115712K [0x0000000080000000, 0x0000000100000000)
  region size 1024K, 8 young (8192K), 8 survivors (8192K)
 Metaspace       used 97978K, committed 100352K, reserved 1179648K
  class space    used 13725K, committed 14912K, reserved 1048576K
}
Event: 21.482 GC heap before
{Heap before GC invocations=33 (full 0):
 garbage-first heap   total 177152K, used 157696K [0x0000000080000000, 0x0000000100000000)
  region size 1024K, 48 young (49152K), 8 survivors (8192K)
 Metaspace       used 98893K, committed 101248K, reserved 1179648K
  class space    used 13845K, committed 15040K, reserved 1048576K
}
Event: 21.505 GC heap after
{Heap after GC invocations=34 (full 0):
 garbage-first heap   total 183296K, used 131584K [0x0000000080000000, 0x0000000100000000)
  region size 1024K, 6 young (6144K), 6 survivors (6144K)
 Metaspace       used 98893K, committed 101248K, reserved 1179648K
  class space    used 13845K, committed 15040K, reserved 1048576K
}
Event: 22.024 GC heap before
{Heap before GC invocations=34 (full 0):
 garbage-first heap   total 183296K, used 161280K [0x0000000080000000, 0x0000000100000000)
  region size 1024K, 36 young (36864K), 6 survivors (6144K)
 Metaspace       used 102329K, committed 104704K, reserved 1179648K
  class space    used 14200K, committed 15424K, reserved 1048576K
}
Event: 22.031 GC heap after
{Heap after GC invocations=35 (full 0):
 garbage-first heap   total 183296K, used 135992K [0x0000000080000000, 0x0000000100000000)
  region size 1024K, 3 young (3072K), 3 survivors (3072K)
 Metaspace       used 102329K, committed 104704K, reserved 1179648K
  class space    used 14200K, committed 15424K, reserved 1048576K
}
Event: 22.573 GC heap before
{Heap before GC invocations=36 (full 0):
 garbage-first heap   total 234496K, used 165688K [0x0000000080000000, 0x0000000100000000)
  region size 1024K, 32 young (32768K), 3 survivors (3072K)
 Metaspace       used 105138K, committed 107584K, reserved 1179648K
  class space    used 14501K, committed 15744K, reserved 1048576K
}
Event: 22.580 GC heap after
{Heap after GC invocations=37 (full 0):
 garbage-first heap   total 234496K, used 139264K [0x0000000080000000, 0x0000000100000000)
  region size 1024K, 4 young (4096K), 4 survivors (4096K)
 Metaspace       used 105138K, committed 107584K, reserved 1179648K
  class space    used 14501K, committed 15744K, reserved 1048576K
}
Event: 23.475 GC heap before
{Heap before GC invocations=37 (full 0):
 garbage-first heap   total 234496K, used 202752K [0x0000000080000000, 0x0000000100000000)
  region size 1024K, 67 young (68608K), 4 survivors (4096K)
 Metaspace       used 113177K, committed 115584K, reserved 1179648K
  class space    used 15313K, committed 16512K, reserved 1048576K
}
Event: 23.481 GC heap after
{Heap after GC invocations=38 (full 0):
 garbage-first heap   total 234496K, used 141386K [0x0000000080000000, 0x0000000100000000)
  region size 1024K, 8 young (8192K), 8 survivors (8192K)
 Metaspace       used 113177K, committed 115584K, reserved 1179648K
  class space    used 15313K, committed 16512K, reserved 1048576K
}
Event: 24.481 GC heap before
{Heap before GC invocations=38 (full 0):
 garbage-first heap   total 234496K, used 206922K [0x0000000080000000, 0x0000000100000000)
  region size 1024K, 72 young (73728K), 8 survivors (8192K)
 Metaspace       used 119076K, committed 121472K, reserved 1179648K
  class space    used 15984K, committed 17216K, reserved 1048576K
}
Event: 24.491 GC heap after
{Heap after GC invocations=39 (full 0):
 garbage-first heap   total 234496K, used 148020K [0x0000000080000000, 0x0000000100000000)
  region size 1024K, 9 young (9216K), 9 survivors (9216K)
 Metaspace       used 119076K, committed 121472K, reserved 1179648K
  class space    used 15984K, committed 17216K, reserved 1048576K
}
Event: 25.351 GC heap before
{Heap before GC invocations=40 (full 0):
 garbage-first heap   total 254976K, used 210484K [0x0000000080000000, 0x0000000100000000)
  region size 1024K, 69 young (70656K), 9 survivors (9216K)
 Metaspace       used 122549K, committed 124992K, reserved 1179648K
  class space    used 16397K, committed 17600K, reserved 1048576K
}
Event: 25.365 GC heap after
{Heap after GC invocations=41 (full 0):
 garbage-first heap   total 254976K, used 161346K [0x0000000080000000, 0x0000000100000000)
  region size 1024K, 9 young (9216K), 9 survivors (9216K)
 Metaspace       used 122549K, committed 124992K, reserved 1179648K
  class space    used 16397K, committed 17600K, reserved 1048576K
}
Event: 26.889 GC heap before
{Heap before GC invocations=41 (full 0):
 garbage-first heap   total 254976K, used 224834K [0x0000000080000000, 0x0000000100000000)
  region size 1024K, 72 young (73728K), 9 survivors (9216K)
 Metaspace       used 130097K, committed 132544K, reserved 1179648K
  class space    used 17078K, committed 18304K, reserved 1048576K
}
Event: 26.899 GC heap after
{Heap after GC invocations=42 (full 0):
 garbage-first heap   total 254976K, used 167262K [0x0000000080000000, 0x0000000100000000)
  region size 1024K, 7 young (7168K), 7 survivors (7168K)
 Metaspace       used 130097K, committed 132544K, reserved 1179648K
  class space    used 17078K, committed 18304K, reserved 1048576K
}
Event: 28.246 GC heap before
{Heap before GC invocations=42 (full 0):
 garbage-first heap   total 254976K, used 228702K [0x0000000080000000, 0x0000000100000000)
  region size 1024K, 67 young (68608K), 7 survivors (7168K)
 Metaspace       used 137621K, committed 140032K, reserved 1179648K
  class space    used 17999K, committed 19200K, reserved 1048576K
}
Event: 28.255 GC heap after
{Heap after GC invocations=43 (full 0):
 garbage-first heap   total 254976K, used 171458K [0x0000000080000000, 0x0000000100000000)
  region size 1024K, 5 young (5120K), 5 survivors (5120K)
 Metaspace       used 137621K, committed 140032K, reserved 1179648K
  class space    used 17999K, committed 19200K, reserved 1048576K
}

