# JRE version: Java(TM) SE Runtime Environment (25.0.1+8) (build 25.0.1+8-LTS-27)
# Java VM: Java HotSpot(TM) 64-Bit Server VM (25.0.1+8-LTS-27, mixed mode, sharing, tiered, compressed oops, compressed class ptrs, g1 gc, windows-amd64)
GC Precious Log:
 CardTable entry size: 512
 Card Set container configuration: InlinePtr #cards 5 size 8 Array Of Cards #cards 10 size 36 Howl #buckets 4 coarsen threshold 1843 Howl Bitmap #cards 512 size 80 coarsen threshold 460 Card regions per heap region 1 cards per card region 2048
 CPUs: 12 total, 12 available
 Memory: 7876M
 Large Page Support: Disabled
 NUMA Support: Disabled
 Compressed Oops: Enabled (32-bit)
 Heap Region Size: 1M
 Heap Min Capacity: 8M
 Heap Initial Capacity: 124M
 Heap Max Capacity: 2G
 Pre-touch: Disabled
 Parallel Workers: 10
 Concurrent Workers: 3
 Concurrent Refinement Workers: 10
 Periodic GC: Disabled
Heap:
 garbage-first heap   total reserved 2097152K, committed 356352K, used 156672K [0x0000000080000000, 0x0000000100000000)
  region size 1024K, 54 young (55296K), 5 survivors (5120K)
GC Heap Usage History (20 events):
Event: 7.493 {heap Before GC invocations=20 (full 0):
 garbage-first heap   total reserved 2097152K, committed 140288K, used 118313K [0x0000000080000000, 0x0000000100000000)
  region size 1024K, 48 young (49152K), 8 survivors (8192K)
}
Event: 7.502 {heap After GC invocations=21 (full 0):
 garbage-first heap   total reserved 2097152K, committed 140288K, used 83594K [0x0000000080000000, 0x0000000100000000)
  region size 1024K, 5 young (5120K), 5 survivors (5120K)
}
Event: 8.005 {heap Before GC invocations=21 (full 0):
 garbage-first heap   total reserved 2097152K, committed 140288K, used 120458K [0x0000000080000000, 0x0000000100000000)
  region size 1024K, 42 young (43008K), 5 survivors (5120K)
}
Event: 8.010 {heap After GC invocations=22 (full 0):
 garbage-first heap   total reserved 2097152K, committed 140288K, used 86687K [0x0000000080000000, 0x0000000100000000)
  region size 1024K, 4 young (4096K), 4 survivors (4096K)
}
Event: 8.737 {heap Before GC invocations=23 (full 0):
 garbage-first heap   total reserved 2097152K, committed 147456K, used 123551K [0x0000000080000000, 0x0000000100000000)
  region size 1024K, 40 young (40960K), 4 survivors (4096K)
}
Event: 8.742 {heap After GC invocations=24 (full 0):
 garbage-first heap   total reserved 2097152K, committed 147456K, used 89504K [0x0000000080000000, 0x0000000100000000)
  region size 1024K, 3 young (3072K), 3 survivors (3072K)
}
Event: 9.509 {heap Before GC invocations=24 (full 0):
 garbage-first heap   total reserved 2097152K, committed 147456K, used 131488K [0x0000000080000000, 0x0000000100000000)
  region size 1024K, 44 young (45056K), 3 survivors (3072K)
}
Event: 9.515 {heap After GC invocations=25 (full 0):
 garbage-first heap   total reserved 2097152K, committed 147456K, used 91130K [0x0000000080000000, 0x0000000100000000)
  region size 1024K, 5 young (5120K), 5 survivors (5120K)
}
Event: 10.063 {heap Before GC invocations=25 (full 0):
 garbage-first heap   total reserved 2097152K, committed 147456K, used 133114K [0x0000000080000000, 0x0000000100000000)
  region size 1024K, 46 young (47104K), 5 survivors (5120K)
}
Event: 10.071 {heap After GC invocations=26 (full 0):
 garbage-first heap   total reserved 2097152K, committed 147456K, used 93280K [0x0000000080000000, 0x0000000100000000)
  region size 1024K, 5 young (5120K), 5 survivors (5120K)
}
Event: 11.130 {heap Before GC invocations=27 (full 0):
 garbage-first heap   total reserved 2097152K, committed 157696K, used 135264K [0x0000000080000000, 0x0000000100000000)
  region size 1024K, 46 young (47104K), 5 survivors (5120K)
}
Event: 11.138 {heap After GC invocations=28 (full 0):
 garbage-first heap   total reserved 2097152K, committed 157696K, used 100103K [0x0000000080000000, 0x0000000100000000)
  region size 1024K, 6 young (6144K), 6 survivors (6144K)
}
Event: 11.267 {heap Before GC invocations=28 (full 0):
 garbage-first heap   total reserved 2097152K, committed 157696K, used 141063K [0x0000000080000000, 0x0000000100000000)
  region size 1024K, 47 young (48128K), 6 survivors (6144K)
}
Event: 11.281 {heap After GC invocations=29 (full 0):
 garbage-first heap   total reserved 2097152K, committed 165888K, used 114855K [0x0000000080000000, 0x0000000100000000)
  region size 1024K, 6 young (6144K), 6 survivors (6144K)
}
Event: 11.347 {heap Before GC invocations=29 (full 0):
 garbage-first heap   total reserved 2097152K, committed 165888K, used 129191K [0x0000000080000000, 0x0000000100000000)
  region size 1024K, 21 young (21504K), 6 survivors (6144K)
}
Event: 11.354 {heap After GC invocations=30 (full 0):
 garbage-first heap   total reserved 2097152K, committed 165888K, used 120781K [0x0000000080000000, 0x0000000100000000)
  region size 1024K, 5 young (5120K), 5 survivors (5120K)
}
Event: 11.463 {heap Before GC invocations=31 (full 0):
 garbage-first heap   total reserved 2097152K, committed 178176K, used 132045K [0x0000000080000000, 0x0000000100000000)
  region size 1024K, 31 young (31744K), 5 survivors (5120K)
}
Event: 11.471 {heap After GC invocations=32 (full 0):
 garbage-first heap   total reserved 2097152K, committed 178176K, used 115866K [0x0000000080000000, 0x0000000100000000)
  region size 1024K, 4 young (4096K), 4 survivors (4096K)
}
Event: 12.284 {heap Before GC invocations=32 (full 0):
 garbage-first heap   total reserved 2097152K, committed 178176K, used 152730K [0x0000000080000000, 0x0000000100000000)
  region size 1024K, 40 young (40960K), 4 survivors (4096K)
}
Event: 12.296 {heap After GC invocations=33 (full 0):
 garbage-first heap   total reserved 2097152K, committed 356352K, used 107520K [0x0000000080000000, 0x0000000100000000)
  region size 1024K, 5 young (5120K), 5 survivors (5120K)
}

